# JRE version: OpenJDK Runtime Environment (11.0.7+10) (build 11.0.7+10-post-Ubuntu-3ubuntu1)
# Java VM: OpenJDK 64-Bit Server VM (11.0.7+10-post-Ubuntu-3ubuntu1, mixed mode, sharing, tiered, compressed oops, g1 gc, linux-amd64)
Heap:
 garbage-first heap   total 78848K, used 46366K [0x00000000c3c00000, 0x0000000100000000)
  region size 1024K, 20 young (20480K), 4 survivors (4096K)
 Metaspace       used 58463K, capacity 59851K, committed 60160K, reserved 1101824K
  class space    used 7581K, capacity 8101K, committed 8192K, reserved 1048576K
GC Heap History (20 events):
Event: 22.846 GC heap before
{Heap before GC invocations=14 (full 0):
 garbage-first heap   total 78848K, used 56686K [0x00000000c3c00000, 0x0000000100000000)
  region size 1024K, 43 young (44032K), 6 survivors (6144K)
 Metaspace       used 32982K, capacity 33965K, committed 34176K, reserved 1079296K
  class space    used 4049K, capacity 4463K, committed 4480K, reserved 1048576K
}
Event: 22.860 GC heap after
{Heap after GC invocations=15 (full 0):
 garbage-first heap   total 78848K, used 21586K [0x00000000c3c00000, 0x0000000100000000)
  region size 1024K, 2 young (2048K), 2 survivors (2048K)
 Metaspace       used 32982K, capacity 33965K, committed 34176K, reserved 1079296K
  class space    used 4049K, capacity 4463K, committed 4480K, reserved 1048576K
}
Event: 24.755 GC heap before
{Heap before GC invocations=15 (full 0):
 garbage-first heap   total 78848K, used 48210K [0x00000000c3c00000, 0x0000000100000000)
  region size 1024K, 30 young (30720K), 2 survivors (2048K)
 Metaspace       used 34654K, capacity 35652K, committed 35840K, reserved 1081344K
  class space    used 4242K, capacity 4662K, committed 4736K, reserved 1048576K
}
Event: 24.763 GC heap after
{Heap after GC invocations=16 (full 0):
 garbage-first heap   total 78848K, used 21334K [0x00000000c3c00000, 0x0000000100000000)
  region size 1024K, 2 young (2048K), 2 survivors (2048K)
 Metaspace       used 34654K, capacity 35652K, committed 35840K, reserved 1081344K
  class space    used 4242K, capacity 4662K, committed 4736K, reserved 1048576K
}
Event: 32.153 GC heap before
{Heap before GC invocations=17 (full 0):
 garbage-first heap   total 78848K, used 59222K [0x00000000c3c00000, 0x0000000100000000)
  region size 1024K, 39 young (39936K), 2 survivors (2048K)
 Metaspace       used 40046K, capacity 41182K, committed 41472K, reserved 1085440K
  class space    used 4856K, capacity 5283K, committed 5376K, reserved 1048576K
}
Event: 32.164 GC heap after
{Heap after GC invocations=18 (full 0):
 garbage-first heap   total 78848K, used 23646K [0x00000000c3c00000, 0x0000000100000000)
  region size 1024K, 4 young (4096K), 4 survivors (4096K)
 Metaspace       used 40046K, capacity 41182K, committed 41472K, reserved 1085440K
  class space    used 4856K, capacity 5283K, committed 5376K, reserved 1048576K
}
Event: 34.625 GC heap before
{Heap before GC invocations=18 (full 0):
 garbage-first heap   total 78848K, used 59486K [0x00000000c3c00000, 0x0000000100000000)
  region size 1024K, 40 young (40960K), 4 survivors (4096K)
 Metaspace       used 42669K, capacity 43752K, committed 44160K, reserved 1087488K
  class space    used 5208K, capacity 5647K, committed 5760K, reserved 1048576K
}
Event: 34.636 GC heap after
{Heap after GC invocations=19 (full 0):
 garbage-first heap   total 78848K, used 26059K [0x00000000c3c00000, 0x0000000100000000)
  region size 1024K, 5 young (5120K), 5 survivors (5120K)
 Metaspace       used 42669K, capacity 43752K, committed 44160K, reserved 1087488K
  class space    used 5208K, capacity 5647K, committed 5760K, reserved 1048576K
}
Event: 39.359 GC heap before
{Heap before GC invocations=19 (full 0):
 garbage-first heap   total 78848K, used 59851K [0x00000000c3c00000, 0x0000000100000000)
  region size 1024K, 39 young (39936K), 5 survivors (5120K)
 Metaspace       used 44697K, capacity 45833K, committed 46208K, reserved 1089536K
  class space    used 5548K, capacity 5975K, committed 6016K, reserved 1048576K
}
Event: 39.373 GC heap after
{Heap after GC invocations=20 (full 0):
 garbage-first heap   total 78848K, used 28173K [0x00000000c3c00000, 0x0000000100000000)
  region size 1024K, 5 young (5120K), 5 survivors (5120K)
 Metaspace       used 44697K, capacity 45833K, committed 46208K, reserved 1089536K
  class space    used 5548K, capacity 5975K, committed 6016K, reserved 1048576K
}
Event: 41.308 GC heap before
{Heap before GC invocations=20 (full 0):
 garbage-first heap   total 78848K, used 60941K [0x00000000c3c00000, 0x0000000100000000)
  region size 1024K, 37 young (37888K), 5 survivors (5120K)
 Metaspace       used 47301K, capacity 48436K, committed 48896K, reserved 1091584K
  class space    used 5981K, capacity 6395K, committed 6400K, reserved 1048576K
}
Event: 41.318 GC heap after
{Heap after GC invocations=21 (full 0):
 garbage-first heap   total 78848K, used 28459K [0x00000000c3c00000, 0x0000000100000000)
  region size 1024K, 3 young (3072K), 3 survivors (3072K)
 Metaspace       used 47301K, capacity 48436K, committed 48896K, reserved 1091584K
  class space    used 5981K, capacity 6395K, committed 6400K, reserved 1048576K
}
Event: 41.701 GC heap before
{Heap before GC invocations=21 (full 0):
 garbage-first heap   total 78848K, used 62251K [0x00000000c3c00000, 0x0000000100000000)
  region size 1024K, 36 young (36864K), 3 survivors (3072K)
 Metaspace       used 49821K, capacity 50967K, committed 51328K, reserved 1093632K
  class space    used 6320K, capacity 6748K, committed 6784K, reserved 1048576K
}
Event: 41.708 GC heap after
{Heap after GC invocations=22 (full 0):
 garbage-first heap   total 78848K, used 28899K [0x00000000c3c00000, 0x0000000100000000)
  region size 1024K, 3 young (3072K), 3 survivors (3072K)
 Metaspace       used 49821K, capacity 50967K, committed 51328K, reserved 1093632K
  class space    used 6320K, capacity 6748K, committed 6784K, reserved 1048576K
}
Event: 42.206 GC heap before
{Heap before GC invocations=22 (full 0):
 garbage-first heap   total 78848K, used 62691K [0x00000000c3c00000, 0x0000000100000000)
  region size 1024K, 36 young (36864K), 3 survivors (3072K)
 Metaspace       used 52200K, capacity 53394K, committed 53760K, reserved 1095680K
  class space    used 6718K, capacity 7149K, committed 7168K, reserved 1048576K
}
Event: 42.215 GC heap after
{Heap after GC invocations=23 (full 0):
 garbage-first heap   total 78848K, used 29439K [0x00000000c3c00000, 0x0000000100000000)
  region size 1024K, 2 young (2048K), 2 survivors (2048K)
 Metaspace       used 52200K, capacity 53394K, committed 53760K, reserved 1095680K
  class space    used 6718K, capacity 7149K, committed 7168K, reserved 1048576K
}
Event: 42.818 GC heap before
{Heap before GC invocations=23 (full 0):
 garbage-first heap   total 78848K, used 63231K [0x00000000c3c00000, 0x0000000100000000)
  region size 1024K, 35 young (35840K), 2 survivors (2048K)
 Metaspace       used 54605K, capacity 55812K, committed 56192K, reserved 1097728K
  class space    used 7091K, capacity 7545K, committed 7552K, reserved 1048576K
}
Event: 42.824 GC heap after
{Heap after GC invocations=24 (full 0):
 garbage-first heap   total 78848K, used 29963K [0x00000000c3c00000, 0x0000000100000000)
  region size 1024K, 3 young (3072K), 3 survivors (3072K)
 Metaspace       used 54605K, capacity 55812K, committed 56192K, reserved 1097728K
  class space    used 7091K, capacity 7545K, committed 7552K, reserved 1048576K
}
Event: 50.847 GC heap before
{Heap before GC invocations=24 (full 0):
 garbage-first heap   total 78848K, used 62731K [0x00000000c3c00000, 0x0000000100000000)
  region size 1024K, 35 young (35840K), 3 survivors (3072K)
 Metaspace       used 57139K, capacity 58450K, committed 58624K, reserved 1099776K
  class space    used 7417K, capacity 7935K, committed 7936K, reserved 1048576K
}
Event: 50.859 GC heap after
{Heap after GC invocations=25 (full 0):
 garbage-first heap   total 78848K, used 31006K [0x00000000c3c00000, 0x0000000100000000)
  region size 1024K, 4 young (4096K), 4 survivors (4096K)
 Metaspace       used 57139K, capacity 58450K, committed 58624K, reserved 1099776K
  class space    used 7417K, capacity 7935K, committed 7936K, reserved 1048576K
}

