# JRE version: OpenJDK Runtime Environment (11.0.7+10) (build 11.0.7+10-post-Ubuntu-3ubuntu1)
# Java VM: OpenJDK 64-Bit Server VM (11.0.7+10-post-Ubuntu-3ubuntu1, mixed mode, sharing, tiered, compressed oops, g1 gc, linux-amd64)
Heap:
 garbage-first heap   total 95232K, used 52559K [0x00000000c3c00000, 0x0000000100000000)
  region size 1024K, 4 young (4096K), 3 survivors (3072K)
 Metaspace       used 61424K, capacity 62659K, committed 63308K, reserved 1103872K
  class space    used 7877K, capacity 8345K, committed 8524K, reserved 1048576K
GC Heap History (20 events):
Event: 17809.093 GC heap before
{Heap before GC invocations=39 (full 0):
 garbage-first heap   total 95232K, used 63483K [0x00000000c3c00000, 0x0000000100000000)
  region size 1024K, 4 young (4096K), 3 survivors (3072K)
 Metaspace       used 61273K, capacity 62560K, committed 63308K, reserved 1103872K
  class space    used 7880K, capacity 8350K, committed 8524K, reserved 1048576K
}
Event: 17809.100 GC heap after
{Heap after GC invocations=40 (full 0):
 garbage-first heap   total 95232K, used 54561K [0x00000000c3c00000, 0x0000000100000000)
  region size 1024K, 1 young (1024K), 1 survivors (1024K)
 Metaspace       used 61273K, capacity 62560K, committed 63308K, reserved 1103872K
  class space    used 7880K, capacity 8350K, committed 8524K, reserved 1048576K
}
Event: 17815.555 GC heap before
{Heap before GC invocations=40 (full 0):
 garbage-first heap   total 95232K, used 57633K [0x00000000c3c00000, 0x0000000100000000)
  region size 1024K, 4 young (4096K), 1 survivors (1024K)
 Metaspace       used 61276K, capacity 62560K, committed 63308K, reserved 1103872K
  class space    used 7880K, capacity 8350K, committed 8524K, reserved 1048576K
}
Event: 17815.561 GC heap after
{Heap after GC invocations=41 (full 0):
 garbage-first heap   total 95232K, used 52260K [0x00000000c3c00000, 0x0000000100000000)
  region size 1024K, 1 young (1024K), 1 survivors (1024K)
 Metaspace       used 61276K, capacity 62560K, committed 63308K, reserved 1103872K
  class space    used 7880K, capacity 8350K, committed 8524K, reserved 1048576K
}
Event: 19593.616 GC heap before
{Heap before GC invocations=41 (full 0):
 garbage-first heap   total 95232K, used 68644K [0x00000000c3c00000, 0x0000000100000000)
  region size 1024K, 18 young (18432K), 1 survivors (1024K)
 Metaspace       used 61339K, capacity 62666K, committed 63308K, reserved 1103872K
  class space    used 7883K, capacity 8357K, committed 8524K, reserved 1048576K
}
Event: 19593.622 GC heap after
{Heap after GC invocations=42 (full 0):
 garbage-first heap   total 95232K, used 55610K [0x00000000c3c00000, 0x0000000100000000)
  region size 1024K, 3 young (3072K), 3 survivors (3072K)
 Metaspace       used 61339K, capacity 62666K, committed 63308K, reserved 1103872K
  class space    used 7883K, capacity 8357K, committed 8524K, reserved 1048576K
}
Event: 21367.950 GC heap before
{Heap before GC invocations=43 (full 0):
 garbage-first heap   total 95232K, used 70970K [0x00000000c3c00000, 0x0000000100000000)
  region size 1024K, 19 young (19456K), 3 survivors (3072K)
 Metaspace       used 61382K, capacity 62666K, committed 63308K, reserved 1103872K
  class space    used 7883K, capacity 8357K, committed 8524K, reserved 1048576K
}
Event: 21367.955 GC heap after
{Heap after GC invocations=44 (full 0):
 garbage-first heap   total 95232K, used 58763K [0x00000000c3c00000, 0x0000000100000000)
  region size 1024K, 3 young (3072K), 3 survivors (3072K)
 Metaspace       used 61382K, capacity 62666K, committed 63308K, reserved 1103872K
  class space    used 7883K, capacity 8357K, committed 8524K, reserved 1048576K
}
Event: 21379.888 GC heap before
{Heap before GC invocations=44 (full 0):
 garbage-first heap   total 95232K, used 58763K [0x00000000c3c00000, 0x0000000100000000)
  region size 1024K, 4 young (4096K), 3 survivors (3072K)
 Metaspace       used 61389K, capacity 62730K, committed 63308K, reserved 1103872K
  class space    used 7883K, capacity 8357K, committed 8524K, reserved 1048576K
}
Event: 21379.895 GC heap after
{Heap after GC invocations=45 (full 0):
 garbage-first heap   total 95232K, used 51042K [0x00000000c3c00000, 0x0000000100000000)
  region size 1024K, 1 young (1024K), 1 survivors (1024K)
 Metaspace       used 61389K, capacity 62730K, committed 63308K, reserved 1103872K
  class space    used 7883K, capacity 8357K, committed 8524K, reserved 1048576K
}
Event: 21383.248 GC heap before
{Heap before GC invocations=45 (full 0):
 garbage-first heap   total 95232K, used 54114K [0x00000000c3c00000, 0x0000000100000000)
  region size 1024K, 4 young (4096K), 1 survivors (1024K)
 Metaspace       used 61404K, capacity 62731K, committed 63308K, reserved 1103872K
  class space    used 7883K, capacity 8357K, committed 8524K, reserved 1048576K
}
Event: 21383.255 GC heap after
{Heap after GC invocations=46 (full 0):
 garbage-first heap   total 95232K, used 47115K [0x00000000c3c00000, 0x0000000100000000)
  region size 1024K, 1 young (1024K), 1 survivors (1024K)
 Metaspace       used 61404K, capacity 62731K, committed 63308K, reserved 1103872K
  class space    used 7883K, capacity 8357K, committed 8524K, reserved 1048576K
}
Event: 23172.660 GC heap before
{Heap before GC invocations=46 (full 0):
 garbage-first heap   total 95232K, used 65547K [0x00000000c3c00000, 0x0000000100000000)
  region size 1024K, 20 young (20480K), 1 survivors (1024K)
 Metaspace       used 61469K, capacity 62761K, committed 63308K, reserved 1103872K
  class space    used 7886K, capacity 8362K, committed 8524K, reserved 1048576K
}
Event: 23172.665 GC heap after
{Heap after GC invocations=47 (full 0):
 garbage-first heap   total 95232K, used 50730K [0x00000000c3c00000, 0x0000000100000000)
  region size 1024K, 3 young (3072K), 3 survivors (3072K)
 Metaspace       used 61469K, capacity 62761K, committed 63308K, reserved 1103872K
  class space    used 7886K, capacity 8362K, committed 8524K, reserved 1048576K
}
Event: 24948.329 GC heap before
{Heap before GC invocations=48 (full 0):
 garbage-first heap   total 95232K, used 67114K [0x00000000c3c00000, 0x0000000100000000)
  region size 1024K, 21 young (21504K), 3 survivors (3072K)
 Metaspace       used 61477K, capacity 62761K, committed 63308K, reserved 1103872K
  class space    used 7886K, capacity 8362K, committed 8524K, reserved 1048576K
}
Event: 24948.333 GC heap after
{Heap after GC invocations=49 (full 0):
 garbage-first heap   total 95232K, used 53375K [0x00000000c3c00000, 0x0000000100000000)
  region size 1024K, 3 young (3072K), 3 survivors (3072K)
 Metaspace       used 61477K, capacity 62761K, committed 63308K, reserved 1103872K
  class space    used 7886K, capacity 8362K, committed 8524K, reserved 1048576K
}
Event: 24978.213 GC heap before
{Heap before GC invocations=49 (full 0):
 garbage-first heap   total 95232K, used 54399K [0x00000000c3c00000, 0x0000000100000000)
  region size 1024K, 4 young (4096K), 3 survivors (3072K)
 Metaspace       used 61477K, capacity 62761K, committed 63308K, reserved 1103872K
  class space    used 7886K, capacity 8362K, committed 8524K, reserved 1048576K
}
Event: 24978.223 GC heap after
{Heap after GC invocations=50 (full 0):
 garbage-first heap   total 95232K, used 49058K [0x00000000c3c00000, 0x0000000100000000)
  region size 1024K, 1 young (1024K), 1 survivors (1024K)
 Metaspace       used 61477K, capacity 62761K, committed 63308K, reserved 1103872K
  class space    used 7886K, capacity 8362K, committed 8524K, reserved 1048576K
}
Event: 26853.089 GC heap before
{Heap before GC invocations=50 (full 0):
 garbage-first heap   total 95232K, used 67490K [0x00000000c3c00000, 0x0000000100000000)
  region size 1024K, 20 young (20480K), 1 survivors (1024K)
 Metaspace       used 61503K, capacity 62791K, committed 63308K, reserved 1103872K
  class space    used 7889K, capacity 8367K, committed 8524K, reserved 1048576K
}
Event: 26853.097 GC heap after
{Heap after GC invocations=51 (full 0):
 garbage-first heap   total 95232K, used 52559K [0x00000000c3c00000, 0x0000000100000000)
  region size 1024K, 3 young (3072K), 3 survivors (3072K)
 Metaspace       used 61503K, capacity 62791K, committed 63308K, reserved 1103872K
  class space    used 7889K, capacity 8367K, committed 8524K, reserved 1048576K
}

